TN:
SF:src\01_Domain_EnterpriseBusinessRules\User.ts
FN:2,(anonymous_0)
FN:11,(anonymous_1)
FN:24,(anonymous_2)
FN:32,(anonymous_3)
FNF:4
FNH:4
FNDA:13,(anonymous_0)
FNDA:16,(anonymous_1)
FNDA:3,(anonymous_2)
FNDA:5,(anonymous_3)
DA:1,3
DA:3,13
DA:4,13
DA:5,13
DA:6,13
DA:8,13
DA:12,16
DA:13,3
DA:15,13
DA:16,1
DA:18,12
DA:19,1
DA:25,3
DA:26,3
DA:27,3
DA:31,3
DA:33,5
DA:34,5
LF:18
LH:18
BRDA:12,0,0,3
BRDA:12,0,1,13
BRDA:12,1,0,16
BRDA:12,1,1,14
BRDA:15,2,0,1
BRDA:15,2,1,12
BRDA:15,3,0,13
BRDA:15,3,1,13
BRDA:18,4,0,1
BRDA:18,4,1,11
BRF:10
BRH:10
end_of_record
TN:
SF:src\02_Application_UseCasesAndPorts\UseCases\UserUseCasesImpl.ts
FN:7,(anonymous_0)
FN:9,(anonymous_1)
FN:14,(anonymous_2)
FN:18,(anonymous_3)
FN:22,(anonymous_4)
FN:31,(anonymous_5)
FNF:6
FNH:5
FNDA:5,(anonymous_0)
FNDA:4,(anonymous_1)
FNDA:3,(anonymous_2)
FNDA:0,(anonymous_3)
FNDA:2,(anonymous_4)
FNDA:1,(anonymous_5)
DA:1,1
DA:5,1
DA:7,5
DA:10,4
DA:11,4
DA:15,3
DA:19,0
DA:23,2
DA:24,2
DA:25,1
DA:27,1
DA:28,1
DA:32,1
LF:13
LH:12
BRDA:24,0,0,1
BRDA:24,0,1,1
BRF:2
BRH:2
end_of_record
TN:
SF:src\03_Infrastructure_AdaptersAndFrameworks\In_Adapters\UserController.ts
FN:8,(anonymous_0)
FN:17,(anonymous_1)
FN:30,(anonymous_2)
FN:40,(anonymous_3)
FN:49,(anonymous_4)
FN:62,(anonymous_5)
FNF:6
FNH:3
FNDA:4,(anonymous_0)
FNDA:2,(anonymous_1)
FNDA:2,(anonymous_2)
FNDA:0,(anonymous_3)
FNDA:0,(anonymous_4)
FNDA:0,(anonymous_5)
DA:3,1
DA:4,1
DA:6,1
DA:8,4
DA:10,4
DA:11,4
DA:12,4
DA:13,4
DA:14,4
DA:18,2
DA:19,2
DA:20,1
DA:21,1
DA:23,1
DA:24,1
DA:26,0
DA:31,2
DA:32,2
DA:33,2
DA:34,1
DA:36,0
DA:41,0
DA:42,0
DA:43,0
DA:45,0
DA:50,0
DA:51,0
DA:52,0
DA:53,0
DA:55,0
DA:56,0
DA:58,0
DA:63,0
DA:64,0
DA:65,0
DA:67,0
LF:36
LH:19
BRDA:23,0,0,1
BRDA:23,0,1,0
BRDA:33,1,0,1
BRDA:33,1,1,1
BRDA:55,2,0,0
BRDA:55,2,1,0
BRF:6
BRH:3
end_of_record
TN:
SF:src\03_Infrastructure_AdaptersAndFrameworks\In_Adapters\UserSchemas.ts
FNF:0
FNH:0
DA:1,1
DA:3,1
DA:9,1
LF:3
LH:3
BRF:0
BRH:0
end_of_record
